[2022-11-26 04:08:40] production.ERROR: SQLSTATE[HY000] [1045] Access denied for user 'forge'@'localhost' (using password: NO) (SQL: select * from `general_settings` limit 1) {"exception":"[object] (Illuminate\\Database\\QueryException(code: 1045): SQLSTATE[HY000] [1045] Access denied for user 'forge'@'localhost' (using password: NO) (SQL: select * from `general_settings` limit 1) at D:\\Murtaja\\xampp\\htdocs\\php8x\\viserlab\\cc\\lottolab\\buyer_files\\Files\\core\\vendor\\laravel\\framework\\src\\Illuminate\\Database\\Connection.php:760)
[stacktrace]
#0 D:\\Murtaja\\xampp\\htdocs\\php8x\\viserlab\\cc\\lottolab\\buyer_files\\Files\\core\\vendor\\laravel\\framework\\src\\Illuminate\\Database\\Connection.php(720): Illuminate\\Database\\Connection->runQueryCallback('select * from `...', Array, Object(Closure))
#1 D:\\Murtaja\\xampp\\htdocs\\php8x\\viserlab\\cc\\lottolab\\buyer_files\\Files\\core\\vendor\\laravel\\framework\\src\\Illuminate\\Database\\Connection.php(422): Illuminate\\Database\\Connection->run('select * from `...', Array, Object(Closure))
#2 D:\\Murtaja\\xampp\\htdocs\\php8x\\viserlab\\cc\\lottolab\\buyer_files\\Files\\core\\vendor\\laravel\\framework\\src\\Illuminate\\Database\\Query\\Builder.php(2650): Illuminate\\Database\\Connection->select('select * from `...', Array, true)
#3 D:\\Murtaja\\xampp\\htdocs\\php8x\\viserlab\\cc\\lottolab\\buyer_files\\Files\\core\\vendor\\laravel\\framework\\src\\Illuminate\\Database\\Query\\Builder.php(2638): Illuminate\\Database\\Query\\Builder->runSelect()
#4 D:\\Murtaja\\xampp\\htdocs\\php8x\\viserlab\\cc\\lottolab\\buyer_files\\Files\\core\\vendor\\laravel\\framework\\src\\Illuminate\\Database\\Query\\Builder.php(3174): Illuminate\\Database\\Query\\Builder->Illuminate\\Database\\Query\\{closure}()
#5 D:\\Murtaja\\xampp\\htdocs\\php8x\\viserlab\\cc\\lottolab\\buyer_files\\Files\\core\\vendor\\laravel\\framework\\src\\Illuminate\\Database\\Query\\Builder.php(2639): Illuminate\\Database\\Query\\Builder->onceWithColumns(Array, Object(Closure))
#6 D:\\Murtaja\\xampp\\htdocs\\php8x\\viserlab\\cc\\lottolab\\buyer_files\\Files\\core\\vendor\\laravel\\framework\\src\\Illuminate\\Database\\Eloquent\\Builder.php(702): Illuminate\\Database\\Query\\Builder->get(Array)
#7 D:\\Murtaja\\xampp\\htdocs\\php8x\\viserlab\\cc\\lottolab\\buyer_files\\Files\\core\\vendor\\laravel\\framework\\src\\Illuminate\\Database\\Eloquent\\Builder.php(686): Illuminate\\Database\\Eloquent\\Builder->getModels(Array)
#8 D:\\Murtaja\\xampp\\htdocs\\php8x\\viserlab\\cc\\lottolab\\buyer_files\\Files\\core\\vendor\\laravel\\framework\\src\\Illuminate\\Database\\Concerns\\BuildsQueries.php(296): Illuminate\\Database\\Eloquent\\Builder->get(Array)
#9 D:\\Murtaja\\xampp\\htdocs\\php8x\\viserlab\\cc\\lottolab\\buyer_files\\Files\\core\\vendor\\laravel\\framework\\src\\Illuminate\\Support\\Traits\\ForwardsCalls.php(23): Illuminate\\Database\\Eloquent\\Builder->first()
#10 D:\\Murtaja\\xampp\\htdocs\\php8x\\viserlab\\cc\\lottolab\\buyer_files\\Files\\core\\vendor\\laravel\\framework\\src\\Illuminate\\Database\\Eloquent\\Model.php(2321): Illuminate\\Database\\Eloquent\\Model->forwardCallTo(Object(Illuminate\\Database\\Eloquent\\Builder), 'first', Array)
#11 D:\\Murtaja\\xampp\\htdocs\\php8x\\viserlab\\cc\\lottolab\\buyer_files\\Files\\core\\vendor\\laravel\\framework\\src\\Illuminate\\Database\\Eloquent\\Model.php(2333): Illuminate\\Database\\Eloquent\\Model->__call('first', Array)
#12 D:\\Murtaja\\xampp\\htdocs\\php8x\\viserlab\\cc\\lottolab\\buyer_files\\Files\\core\\app\\Http\\Helpers\\helpers.php(433): Illuminate\\Database\\Eloquent\\Model::__callStatic('first', Array)
#13 D:\\Murtaja\\xampp\\htdocs\\php8x\\viserlab\\cc\\lottolab\\buyer_files\\Files\\core\\app\\Providers\\AppServiceProvider.php(36): gs()
#14 D:\\Murtaja\\xampp\\htdocs\\php8x\\viserlab\\cc\\lottolab\\buyer_files\\Files\\core\\vendor\\laravel\\framework\\src\\Illuminate\\Container\\BoundMethod.php(36): App\\Providers\\AppServiceProvider->boot()
#15 D:\\Murtaja\\xampp\\htdocs\\php8x\\viserlab\\cc\\lottolab\\buyer_files\\Files\\core\\vendor\\laravel\\framework\\src\\Illuminate\\Container\\Util.php(41): Illuminate\\Container\\BoundMethod::Illuminate\\Container\\{closure}()
#16 D:\\Murtaja\\xampp\\htdocs\\php8x\\viserlab\\cc\\lottolab\\buyer_files\\Files\\core\\vendor\\laravel\\framework\\src\\Illuminate\\Container\\BoundMethod.php(93): Illuminate\\Container\\Util::unwrapIfClosure(Object(Closure))
#17 D:\\Murtaja\\xampp\\htdocs\\php8x\\viserlab\\cc\\lottolab\\buyer_files\\Files\\core\\vendor\\laravel\\framework\\src\\Illuminate\\Container\\BoundMethod.php(37): Illuminate\\Container\\BoundMethod::callBoundMethod(Object(Illuminate\\Foundation\\Application), Array, Object(Closure))
#18 D:\\Murtaja\\xampp\\htdocs\\php8x\\viserlab\\cc\\lottolab\\buyer_files\\Files\\core\\vendor\\laravel\\framework\\src\\Illuminate\\Container\\Container.php(651): Illuminate\\Container\\BoundMethod::call(Object(Illuminate\\Foundation\\Application), Array, Array, NULL)
#19 D:\\Murtaja\\xampp\\htdocs\\php8x\\viserlab\\cc\\lottolab\\buyer_files\\Files\\core\\vendor\\laravel\\framework\\src\\Illuminate\\Foundation\\Application.php(933): Illuminate\\Container\\Container->call(Array)
#20 D:\\Murtaja\\xampp\\htdocs\\php8x\\viserlab\\cc\\lottolab\\buyer_files\\Files\\core\\vendor\\laravel\\framework\\src\\Illuminate\\Foundation\\Application.php(914): Illuminate\\Foundation\\Application->bootProvider(Object(App\\Providers\\AppServiceProvider))
#21 [internal function]: Illuminate\\Foundation\\Application->Illuminate\\Foundation\\{closure}(Object(App\\Providers\\AppServiceProvider), 22)
#22 D:\\Murtaja\\xampp\\htdocs\\php8x\\viserlab\\cc\\lottolab\\buyer_files\\Files\\core\\vendor\\laravel\\framework\\src\\Illuminate\\Foundation\\Application.php(915): array_walk(Array, Object(Closure))
#23 D:\\Murtaja\\xampp\\htdocs\\php8x\\viserlab\\cc\\lottolab\\buyer_files\\Files\\core\\vendor\\laravel\\framework\\src\\Illuminate\\Foundation\\Bootstrap\\BootProviders.php(17): Illuminate\\Foundation\\Application->boot()
#24 D:\\Murtaja\\xampp\\htdocs\\php8x\\viserlab\\cc\\lottolab\\buyer_files\\Files\\core\\vendor\\laravel\\framework\\src\\Illuminate\\Foundation\\Application.php(242): Illuminate\\Foundation\\Bootstrap\\BootProviders->bootstrap(Object(Illuminate\\Foundation\\Application))
#25 D:\\Murtaja\\xampp\\htdocs\\php8x\\viserlab\\cc\\lottolab\\buyer_files\\Files\\core\\vendor\\laravel\\framework\\src\\Illuminate\\Foundation\\Http\\Kernel.php(176): Illuminate\\Foundation\\Application->bootstrapWith(Array)
#26 D:\\Murtaja\\xampp\\htdocs\\php8x\\viserlab\\cc\\lottolab\\buyer_files\\Files\\core\\vendor\\laravel\\framework\\src\\Illuminate\\Foundation\\Http\\Kernel.php(160): Illuminate\\Foundation\\Http\\Kernel->bootstrap()
#27 D:\\Murtaja\\xampp\\htdocs\\php8x\\viserlab\\cc\\lottolab\\buyer_files\\Files\\core\\vendor\\laravel\\framework\\src\\Illuminate\\Foundation\\Http\\Kernel.php(134): Illuminate\\Foundation\\Http\\Kernel->sendRequestThroughRouter(Object(Illuminate\\Http\\Request))
#28 D:\\Murtaja\\xampp\\htdocs\\php8x\\viserlab\\cc\\lottolab\\buyer_files\\Files\\index.php(52): Illuminate\\Foundation\\Http\\Kernel->handle(Object(Illuminate\\Http\\Request))
#29 {main}

[previous exception] [object] (PDOException(code: 1045): SQLSTATE[HY000] [1045] Access denied for user 'forge'@'localhost' (using password: NO) at D:\\Murtaja\\xampp\\htdocs\\php8x\\viserlab\\cc\\lottolab\\buyer_files\\Files\\core\\vendor\\laravel\\framework\\src\\Illuminate\\Database\\Connectors\\Connector.php:70)
[stacktrace]
#0 D:\\Murtaja\\xampp\\htdocs\\php8x\\viserlab\\cc\\lottolab\\buyer_files\\Files\\core\\vendor\\laravel\\framework\\src\\Illuminate\\Database\\Connectors\\Connector.php(70): PDO->__construct('mysql:host=127....', 'forge', '', Array)
#1 D:\\Murtaja\\xampp\\htdocs\\php8x\\viserlab\\cc\\lottolab\\buyer_files\\Files\\core\\vendor\\laravel\\framework\\src\\Illuminate\\Database\\Connectors\\Connector.php(46): Illuminate\\Database\\Connectors\\Connector->createPdoConnection('mysql:host=127....', 'forge', '', Array)
#2 D:\\Murtaja\\xampp\\htdocs\\php8x\\viserlab\\cc\\lottolab\\buyer_files\\Files\\core\\vendor\\laravel\\framework\\src\\Illuminate\\Database\\Connectors\\MySqlConnector.php(24): Illuminate\\Database\\Connectors\\Connector->createConnection('mysql:host=127....', Array, Array)
#3 D:\\Murtaja\\xampp\\htdocs\\php8x\\viserlab\\cc\\lottolab\\buyer_files\\Files\\core\\vendor\\laravel\\framework\\src\\Illuminate\\Database\\Connectors\\ConnectionFactory.php(184): Illuminate\\Database\\Connectors\\MySqlConnector->connect(Array)
#4 [internal function]: Illuminate\\Database\\Connectors\\ConnectionFactory->Illuminate\\Database\\Connectors\\{closure}()
#5 D:\\Murtaja\\xampp\\htdocs\\php8x\\viserlab\\cc\\lottolab\\buyer_files\\Files\\core\\vendor\\laravel\\framework\\src\\Illuminate\\Database\\Connection.php(1171): call_user_func(Object(Closure))
#6 D:\\Murtaja\\xampp\\htdocs\\php8x\\viserlab\\cc\\lottolab\\buyer_files\\Files\\core\\vendor\\laravel\\framework\\src\\Illuminate\\Database\\Connection.php(1207): Illuminate\\Database\\Connection->getPdo()
#7 D:\\Murtaja\\xampp\\htdocs\\php8x\\viserlab\\cc\\lottolab\\buyer_files\\Files\\core\\vendor\\laravel\\framework\\src\\Illuminate\\Database\\Connection.php(486): Illuminate\\Database\\Connection->getReadPdo()
#8 D:\\Murtaja\\xampp\\htdocs\\php8x\\viserlab\\cc\\lottolab\\buyer_files\\Files\\core\\vendor\\laravel\\framework\\src\\Illuminate\\Database\\Connection.php(414): Illuminate\\Database\\Connection->getPdoForSelect(true)
#9 D:\\Murtaja\\xampp\\htdocs\\php8x\\viserlab\\cc\\lottolab\\buyer_files\\Files\\core\\vendor\\laravel\\framework\\src\\Illuminate\\Database\\Connection.php(753): Illuminate\\Database\\Connection->Illuminate\\Database\\{closure}('select * from `...', Array)
#10 D:\\Murtaja\\xampp\\htdocs\\php8x\\viserlab\\cc\\lottolab\\buyer_files\\Files\\core\\vendor\\laravel\\framework\\src\\Illuminate\\Database\\Connection.php(720): Illuminate\\Database\\Connection->runQueryCallback('select * from `...', Array, Object(Closure))
#11 D:\\Murtaja\\xampp\\htdocs\\php8x\\viserlab\\cc\\lottolab\\buyer_files\\Files\\core\\vendor\\laravel\\framework\\src\\Illuminate\\Database\\Connection.php(422): Illuminate\\Database\\Connection->run('select * from `...', Array, Object(Closure))
#12 D:\\Murtaja\\xampp\\htdocs\\php8x\\viserlab\\cc\\lottolab\\buyer_files\\Files\\core\\vendor\\laravel\\framework\\src\\Illuminate\\Database\\Query\\Builder.php(2650): Illuminate\\Database\\Connection->select('select * from `...', Array, true)
#13 D:\\Murtaja\\xampp\\htdocs\\php8x\\viserlab\\cc\\lottolab\\buyer_files\\Files\\core\\vendor\\laravel\\framework\\src\\Illuminate\\Database\\Query\\Builder.php(2638): Illuminate\\Database\\Query\\Builder->runSelect()
#14 D:\\Murtaja\\xampp\\htdocs\\php8x\\viserlab\\cc\\lottolab\\buyer_files\\Files\\core\\vendor\\laravel\\framework\\src\\Illuminate\\Database\\Query\\Builder.php(3174): Illuminate\\Database\\Query\\Builder->Illuminate\\Database\\Query\\{closure}()
#15 D:\\Murtaja\\xampp\\htdocs\\php8x\\viserlab\\cc\\lottolab\\buyer_files\\Files\\core\\vendor\\laravel\\framework\\src\\Illuminate\\Database\\Query\\Builder.php(2639): Illuminate\\Database\\Query\\Builder->onceWithColumns(Array, Object(Closure))
#16 D:\\Murtaja\\xampp\\htdocs\\php8x\\viserlab\\cc\\lottolab\\buyer_files\\Files\\core\\vendor\\laravel\\framework\\src\\Illuminate\\Database\\Eloquent\\Builder.php(702): Illuminate\\Database\\Query\\Builder->get(Array)
#17 D:\\Murtaja\\xampp\\htdocs\\php8x\\viserlab\\cc\\lottolab\\buyer_files\\Files\\core\\vendor\\laravel\\framework\\src\\Illuminate\\Database\\Eloquent\\Builder.php(686): Illuminate\\Database\\Eloquent\\Builder->getModels(Array)
#18 D:\\Murtaja\\xampp\\htdocs\\php8x\\viserlab\\cc\\lottolab\\buyer_files\\Files\\core\\vendor\\laravel\\framework\\src\\Illuminate\\Database\\Concerns\\BuildsQueries.php(296): Illuminate\\Database\\Eloquent\\Builder->get(Array)
#19 D:\\Murtaja\\xampp\\htdocs\\php8x\\viserlab\\cc\\lottolab\\buyer_files\\Files\\core\\vendor\\laravel\\framework\\src\\Illuminate\\Support\\Traits\\ForwardsCalls.php(23): Illuminate\\Database\\Eloquent\\Builder->first()
#20 D:\\Murtaja\\xampp\\htdocs\\php8x\\viserlab\\cc\\lottolab\\buyer_files\\Files\\core\\vendor\\laravel\\framework\\src\\Illuminate\\Database\\Eloquent\\Model.php(2321): Illuminate\\Database\\Eloquent\\Model->forwardCallTo(Object(Illuminate\\Database\\Eloquent\\Builder), 'first', Array)
#21 D:\\Murtaja\\xampp\\htdocs\\php8x\\viserlab\\cc\\lottolab\\buyer_files\\Files\\core\\vendor\\laravel\\framework\\src\\Illuminate\\Database\\Eloquent\\Model.php(2333): Illuminate\\Database\\Eloquent\\Model->__call('first', Array)
#22 D:\\Murtaja\\xampp\\htdocs\\php8x\\viserlab\\cc\\lottolab\\buyer_files\\Files\\core\\app\\Http\\Helpers\\helpers.php(433): Illuminate\\Database\\Eloquent\\Model::__callStatic('first', Array)
#23 D:\\Murtaja\\xampp\\htdocs\\php8x\\viserlab\\cc\\lottolab\\buyer_files\\Files\\core\\app\\Providers\\AppServiceProvider.php(36): gs()
#24 D:\\Murtaja\\xampp\\htdocs\\php8x\\viserlab\\cc\\lottolab\\buyer_files\\Files\\core\\vendor\\laravel\\framework\\src\\Illuminate\\Container\\BoundMethod.php(36): App\\Providers\\AppServiceProvider->boot()
#25 D:\\Murtaja\\xampp\\htdocs\\php8x\\viserlab\\cc\\lottolab\\buyer_files\\Files\\core\\vendor\\laravel\\framework\\src\\Illuminate\\Container\\Util.php(41): Illuminate\\Container\\BoundMethod::Illuminate\\Container\\{closure}()
#26 D:\\Murtaja\\xampp\\htdocs\\php8x\\viserlab\\cc\\lottolab\\buyer_files\\Files\\core\\vendor\\laravel\\framework\\src\\Illuminate\\Container\\BoundMethod.php(93): Illuminate\\Container\\Util::unwrapIfClosure(Object(Closure))
#27 D:\\Murtaja\\xampp\\htdocs\\php8x\\viserlab\\cc\\lottolab\\buyer_files\\Files\\core\\vendor\\laravel\\framework\\src\\Illuminate\\Container\\BoundMethod.php(37): Illuminate\\Container\\BoundMethod::callBoundMethod(Object(Illuminate\\Foundation\\Application), Array, Object(Closure))
#28 D:\\Murtaja\\xampp\\htdocs\\php8x\\viserlab\\cc\\lottolab\\buyer_files\\Files\\core\\vendor\\laravel\\framework\\src\\Illuminate\\Container\\Container.php(651): Illuminate\\Container\\BoundMethod::call(Object(Illuminate\\Foundation\\Application), Array, Array, NULL)
#29 D:\\Murtaja\\xampp\\htdocs\\php8x\\viserlab\\cc\\lottolab\\buyer_files\\Files\\core\\vendor\\laravel\\framework\\src\\Illuminate\\Foundation\\Application.php(933): Illuminate\\Container\\Container->call(Array)
#30 D:\\Murtaja\\xampp\\htdocs\\php8x\\viserlab\\cc\\lottolab\\buyer_files\\Files\\core\\vendor\\laravel\\framework\\src\\Illuminate\\Foundation\\Application.php(914): Illuminate\\Foundation\\Application->bootProvider(Object(App\\Providers\\AppServiceProvider))
#31 [internal function]: Illuminate\\Foundation\\Application->Illuminate\\Foundation\\{closure}(Object(App\\Providers\\AppServiceProvider), 22)
#32 D:\\Murtaja\\xampp\\htdocs\\php8x\\viserlab\\cc\\lottolab\\buyer_files\\Files\\core\\vendor\\laravel\\framework\\src\\Illuminate\\Foundation\\Application.php(915): array_walk(Array, Object(Closure))
#33 D:\\Murtaja\\xampp\\htdocs\\php8x\\viserlab\\cc\\lottolab\\buyer_files\\Files\\core\\vendor\\laravel\\framework\\src\\Illuminate\\Foundation\\Bootstrap\\BootProviders.php(17): Illuminate\\Foundation\\Application->boot()
#34 D:\\Murtaja\\xampp\\htdocs\\php8x\\viserlab\\cc\\lottolab\\buyer_files\\Files\\core\\vendor\\laravel\\framework\\src\\Illuminate\\Foundation\\Application.php(242): Illuminate\\Foundation\\Bootstrap\\BootProviders->bootstrap(Object(Illuminate\\Foundation\\Application))
#35 D:\\Murtaja\\xampp\\htdocs\\php8x\\viserlab\\cc\\lottolab\\buyer_files\\Files\\core\\vendor\\laravel\\framework\\src\\Illuminate\\Foundation\\Http\\Kernel.php(176): Illuminate\\Foundation\\Application->bootstrapWith(Array)
#36 D:\\Murtaja\\xampp\\htdocs\\php8x\\viserlab\\cc\\lottolab\\buyer_files\\Files\\core\\vendor\\laravel\\framework\\src\\Illuminate\\Foundation\\Http\\Kernel.php(160): Illuminate\\Foundation\\Http\\Kernel->bootstrap()
#37 D:\\Murtaja\\xampp\\htdocs\\php8x\\viserlab\\cc\\lottolab\\buyer_files\\Files\\core\\vendor\\laravel\\framework\\src\\Illuminate\\Foundation\\Http\\Kernel.php(134): Illuminate\\Foundation\\Http\\Kernel->sendRequestThroughRouter(Object(Illuminate\\Http\\Request))
#38 D:\\Murtaja\\xampp\\htdocs\\php8x\\viserlab\\cc\\lottolab\\buyer_files\\Files\\index.php(52): Illuminate\\Foundation\\Http\\Kernel->handle(Object(Illuminate\\Http\\Request))
#39 {main}
"} 
